  Game.cpp
C:\dev\COMP4300\assignment02\assignment02\src\Game.cpp(142,15): warning C4244: 'initializing': conversion from 'int' to 'float', possible loss of data
C:\dev\COMP4300\assignment02\assignment02\src\Game.cpp(143,15): warning C4244: 'initializing': conversion from 'int' to 'float', possible loss of data
C:\Program Files\Microsoft Visual Studio\2022\Community\VC\Tools\MSVC\14.36.32532\include\xutility(265,77): warning C4244: 'argument': conversion from '_Ty' to 'const float', possible loss of data
          with
          [
              _Ty=int
          ]
C:\Program Files\Microsoft Visual Studio\2022\Community\VC\Tools\MSVC\14.36.32532\include\memory(2092,13): message : see reference to function template instantiation 'void std::_Construct_in_place<_Ty,Vec2,Vec2,int>(_Ty &,Vec2 &&,Vec2 &&,int &&) noexcept(false)' being compiled
          with
          [
              _Ty=CTransform
          ]
C:\Program Files\Microsoft Visual Studio\2022\Community\VC\Tools\MSVC\14.36.32532\include\memory(2765,46): message : see reference to function template instantiation 'std::_Ref_count_obj2<CTransform>::_Ref_count_obj2<_Ty,_Ty,int>(_Ty &&,_Ty &&,int &&)' being compiled
          with
          [
              _Ty=Vec2
          ]
C:\dev\COMP4300\assignment02\assignment02\src\Game.cpp(96,28): message : see reference to function template instantiation 'std::shared_ptr<CTransform> std::make_shared<CTransform,Vec2,Vec2,int>(Vec2 &&,Vec2 &&,int &&)' being compiled
C:\Program Files\Microsoft Visual Studio\2022\Community\VC\Tools\MSVC\14.36.32532\include\xutility(265,77): warning C4244: 'argument': conversion from 'int' to 'float', possible loss of data
C:\Program Files\Microsoft Visual Studio\2022\Community\VC\Tools\MSVC\14.36.32532\include\memory(2092,13): message : see reference to function template instantiation 'void std::_Construct_in_place<_Ty,int&,int&,sf::Color&,sf::Color&,int&>(_Ty &,int &,int &,sf::Color &,sf::Color &,int &) noexcept(false)' being compiled
          with
          [
              _Ty=CShape
          ]
C:\Program Files\Microsoft Visual Studio\2022\Community\VC\Tools\MSVC\14.36.32532\include\memory(2765,46): message : see reference to function template instantiation 'std::_Ref_count_obj2<CShape>::_Ref_count_obj2<int&,int&,sf::Color&,sf::Color&,int&>(int &,int &,sf::Color &,sf::Color &,int &)' being compiled
C:\dev\COMP4300\assignment02\assignment02\src\Game.cpp(101,24): message : see reference to function template instantiation 'std::shared_ptr<CShape> std::make_shared<CShape,int&,int&,sf::Color&,sf::Color&,int&>(int &,int &,sf::Color &,sf::Color &,int &)' being compiled
C:\Program Files\Microsoft Visual Studio\2022\Community\VC\Tools\MSVC\14.36.32532\include\xutility(265,77): warning C4244: 'argument': conversion from '_Ty' to 'float', possible loss of data
          with
          [
              _Ty=int
          ]
C:\Program Files\Microsoft Visual Studio\2022\Community\VC\Tools\MSVC\14.36.32532\include\memory(2092,13): message : see reference to function template instantiation 'void std::_Construct_in_place<_Ty,int,int,sf::Color,sf::Color,float>(_Ty &,int &&,int &&,sf::Color &&,sf::Color &&,float &&) noexcept(false)' being compiled
          with
          [
              _Ty=CShape
          ]
C:\Program Files\Microsoft Visual Studio\2022\Community\VC\Tools\MSVC\14.36.32532\include\memory(2765,46): message : see reference to function template instantiation 'std::_Ref_count_obj2<CShape>::_Ref_count_obj2<_Ty,_Ty,sf::Color,sf::Color,float>(_Ty &&,_Ty &&,sf::Color &&,sf::Color &&,float &&)' being compiled
          with
          [
              _Ty=int
          ]
C:\dev\COMP4300\assignment02\assignment02\src\Game.cpp(120,24): message : see reference to function template instantiation 'std::shared_ptr<CShape> std::make_shared<CShape,int,int,sf::Color,sf::Color,float>(int &&,int &&,sf::Color &&,sf::Color &&,float &&)' being compiled
  Generating code
  3 of 397 functions ( 0.8%) were compiled, the rest were copied from previous compilation.
    0 functions were new in current compilation
    1 functions had inline decision re-evaluated but remain unchanged
  Finished generating code
  assignment02.vcxproj -> C:\dev\COMP4300\assignment02\bin\x64\assignment02.exe
  C:\dev\COMP4300\assignment02\assignment02\src\fonts\tech.ttf
  1 File(s) copied
          1 file(s) copied.
